<?xml version="1.0" encoding="UTF-8"?>
<!-- Generated by org.testng.reporters.JUnitXMLReporter -->
<testsuite ignored="0" hostname="DESKTOP-C79FB0L" failures="0" tests="3" name="CodeFusion Website Tests" time="120.128" errors="0" timestamp="2025-04-01T20:28:02 IDT">
  <testcase classname="com.example.Main" name="webprojectSecttionOne" time="29.643"/>
  <testcase classname="com.example.Main" name="webprojectSecttionTwo" time="88.316"/>
  <testcase classname="com.example.Main" name="aboutus" time="0.0"/>
</testsuite> <!-- CodeFusion Website Tests -->
