<?xml version="1.0" encoding="UTF-8"?>
<!-- Generated by org.testng.reporters.JUnitXMLReporter -->
<testsuite ignored="0" hostname="DESKTOP-C79FB0L" failures="0" tests="2" name="Command line test" time="0.033" errors="0" timestamp="2025-03-19T15:57:10 IST">
  <testcase classname="com.example.Main" name="@BeforeTest setUpTest" time="0.009">
    <failure type="java.lang.Exception" message="Driver cannot be null.">
      <![CDATA[java.lang.Exception: Driver cannot be null.
at com.example.OurWorkFrame_CodeFusionWebsite.<init>(OurWorkFrame_CodeFusionWebsite.java:13)
at com.example.Main.setUpTest(Main.java:22)
at com.example.Main.main(Main.java:62)
... Removed 19 stack frames]]>
    </failure>
  </testcase> <!-- @BeforeTest setUpTest -->
  <testcase classname="com.example.Main" name="webprojectSecttionOne" time="0.0">
    <skipped/>
  </testcase> <!-- webprojectSecttionOne -->
  <testcase classname="com.example.Main" name="webprojectSecttionTwo" time="0.0">
    <skipped/>
  </testcase> <!-- webprojectSecttionTwo -->
</testsuite> <!-- Command line test -->
